<?xml version="1.0" encoding="UTF-8"?>
<testng-results skipped="0" failed="0" ignored="0" total="4" passed="4">
  <reporter-output>
  </reporter-output>
  <suite name="Default suite" duration-ms="194055" started-at="2018-02-02T09:06:45Z" finished-at="2018-02-02T09:09:59Z">
    <groups>
    </groups>
    <test name="Default test" duration-ms="194055" started-at="2018-02-02T09:06:45Z" finished-at="2018-02-02T09:09:59Z">
      <class name="test.horoscope.Total_horoscope">
        <test-method status="PASS" signature="appLaunch()[pri:0, instance:test.horoscope.Total_horoscope@4f7d0008]" name="appLaunch" is-config="true" duration-ms="53663" started-at="2018-02-02T14:36:45Z" finished-at="2018-02-02T14:37:39Z">
          <reporter-output>
          </reporter-output>
        </test-method> <!-- appLaunch -->
        <test-method status="PASS" signature="handlingLauncher()[pri:1, instance:test.horoscope.Total_horoscope@4f7d0008]" name="handlingLauncher" duration-ms="13326" started-at="2018-02-02T14:37:39Z" description="code for handling the creo laucher activity" finished-at="2018-02-02T14:37:52Z">
          <reporter-output>
          </reporter-output>
        </test-method> <!-- handlingLauncher -->
        <test-method status="PASS" signature="LaunchingFromAppDrawer()[pri:3, instance:test.horoscope.Total_horoscope@4f7d0008]" name="LaunchingFromAppDrawer" duration-ms="15091" started-at="2018-02-02T14:37:52Z" description="Launch Horoscope from the App drawer" finished-at="2018-02-02T14:38:07Z">
          <reporter-output>
          </reporter-output>
        </test-method> <!-- LaunchingFromAppDrawer -->
        <test-method status="PASS" signature="myZodiacTab()[pri:4, instance:test.horoscope.Total_horoscope@4f7d0008]" name="myZodiacTab" duration-ms="13795" started-at="2018-02-02T14:38:07Z" description="click on My Zodiac tab" finished-at="2018-02-02T14:38:21Z">
          <reporter-output>
          </reporter-output>
        </test-method> <!-- myZodiacTab -->
        <test-method status="PASS" signature="kundaliMatch()[pri:17, instance:test.horoscope.Total_horoscope@4f7d0008]" name="kundaliMatch" duration-ms="98125" started-at="2018-02-02T14:38:21Z" description="KUNDALI MATCH " finished-at="2018-02-02T14:39:59Z">
          <reporter-output>
          </reporter-output>
        </test-method> <!-- kundaliMatch -->
      </class> <!-- test.horoscope.Total_horoscope -->
    </test> <!-- Default test -->
  </suite> <!-- Default suite -->
</testng-results>
