<?xml version="1.0" encoding="UTF-8"?>
<!-- Generated by org.testng.reporters.JUnitXMLReporter -->
<testsuite hostname="ajay" ignored="0" name="Default test" tests="4" failures="0" timestamp="02 Feb 2018 09:09:59 GMT" time="194.055" errors="0">
  <testcase name="handlingLauncher" time="13.326" classname="test.horoscope.Total_horoscope"/>
  <testcase name="LaunchingFromAppDrawer" time="15.091" classname="test.horoscope.Total_horoscope"/>
  <testcase name="myZodiacTab" time="13.795" classname="test.horoscope.Total_horoscope"/>
  <testcase name="kundaliMatch" time="98.125" classname="test.horoscope.Total_horoscope"/>
</testsuite> <!-- Default test -->
